<?xml version="1.0" encoding="UTF-8"?>
<coverage generated="1685606690035" clover="3.2.0">
  <project timestamp="1685606690036" name="All files">
    <metrics statements="49" coveredstatements="45" conditionals="29" coveredconditionals="25" methods="23" coveredmethods="21" elements="101" coveredelements="91" complexity="0" loc="49" ncloc="49" packages="1" files="7" classes="7"/>
    <file name="abstractClass.js" path="/Users/rikidutra/Desktop/nodeJs/sprint16/app/abstractClass.js">
      <metrics statements="7" coveredstatements="7" conditionals="2" coveredconditionals="1" methods="3" coveredmethods="3"/>
      <line num="2" count="1" type="cond" truecount="1" falsecount="1"/>
      <line num="3" count="1" type="stmt"/>
      <line num="7" count="1" type="stmt"/>
      <line num="8" count="1" type="stmt"/>
      <line num="12" count="2" type="stmt"/>
      <line num="15" count="1" type="stmt"/>
      <line num="17" count="1" type="stmt"/>
    </file>
    <file name="asyncFunc.js" path="/Users/rikidutra/Desktop/nodeJs/sprint16/app/asyncFunc.js">
      <metrics statements="8" coveredstatements="7" conditionals="0" coveredconditionals="0" methods="4" coveredmethods="4"/>
      <line num="3" count="3" type="stmt"/>
      <line num="4" count="3" type="stmt"/>
      <line num="5" count="3" type="stmt"/>
      <line num="7" count="0" type="stmt"/>
      <line num="12" count="4" type="stmt"/>
      <line num="13" count="4" type="stmt"/>
      <line num="14" count="4" type="stmt"/>
      <line num="19" count="1" type="stmt"/>
    </file>
    <file name="class.js" path="/Users/rikidutra/Desktop/nodeJs/sprint16/app/class.js">
      <metrics statements="3" coveredstatements="1" conditionals="0" coveredconditionals="0" methods="2" coveredmethods="0"/>
      <line num="3" count="0" type="stmt"/>
      <line num="6" count="0" type="stmt"/>
      <line num="10" count="1" type="stmt"/>
    </file>
    <file name="getEmployee.js" path="/Users/rikidutra/Desktop/nodeJs/sprint16/app/getEmployee.js">
      <metrics statements="11" coveredstatements="10" conditionals="14" coveredconditionals="13" methods="3" coveredmethods="3"/>
      <line num="1" count="1" type="stmt"/>
      <line num="2" count="4" type="cond" truecount="4" falsecount="0"/>
      <line num="3" count="3" type="cond" truecount="4" falsecount="0"/>
      <line num="4" count="1" type="stmt"/>
      <line num="5" count="1" type="stmt"/>
      <line num="7" count="3" type="cond" truecount="4" falsecount="0"/>
      <line num="8" count="1" type="stmt"/>
      <line num="9" count="1" type="stmt"/>
      <line num="10" count="1" type="cond" truecount="1" falsecount="1"/>
      <line num="12" count="0" type="stmt"/>
      <line num="17" count="1" type="stmt"/>
    </file>
    <file name="paramsManipulation.js" path="/Users/rikidutra/Desktop/nodeJs/sprint16/app/paramsManipulation.js">
      <metrics statements="7" coveredstatements="7" conditionals="7" coveredconditionals="5" methods="4" coveredmethods="4"/>
      <line num="2" count="8" type="cond" truecount="1" falsecount="1"/>
      <line num="3" count="8" type="stmt"/>
      <line num="4" count="8" type="stmt"/>
      <line num="9" count="2" type="cond" truecount="4" falsecount="1"/>
      <line num="13" count="2" type="stmt"/>
      <line num="14" count="2" type="stmt"/>
      <line num="17" count="1" type="stmt"/>
    </file>
    <file name="promise.js" path="/Users/rikidutra/Desktop/nodeJs/sprint16/app/promise.js">
      <metrics statements="8" coveredstatements="8" conditionals="6" coveredconditionals="6" methods="3" coveredmethods="3"/>
      <line num="2" count="2" type="stmt"/>
      <line num="3" count="2" type="cond" truecount="2" falsecount="0"/>
      <line num="4" count="1" type="stmt"/>
      <line num="6" count="1" type="stmt"/>
      <line num="11" count="1" type="stmt"/>
      <line num="12" count="2" type="cond" truecount="4" falsecount="0"/>
      <line num="13" count="1" type="stmt"/>
      <line num="16" count="1" type="stmt"/>
    </file>
    <file name="simple.js" path="/Users/rikidutra/Desktop/nodeJs/sprint16/app/simple.js">
      <metrics statements="5" coveredstatements="5" conditionals="0" coveredconditionals="0" methods="4" coveredmethods="4"/>
      <line num="2" count="1" type="stmt"/>
      <line num="6" count="1" type="stmt"/>
      <line num="10" count="1" type="stmt"/>
      <line num="14" count="1" type="stmt"/>
      <line num="17" count="1" type="stmt"/>
    </file>
  </project>
</coverage>
