{"/Users/rikidutra/Desktop/nodeJs/sprint16/app/asyncFunc.js": {"path":"/Users/rikidutra/Desktop/nodeJs/sprint16/app/asyncFunc.js","statementMap":{"0":{"start":{"line":3,"column":1},"end":{"line":8,"column":2}},"1":{"start":{"line":4,"column":17},"end":{"line":4,"column":33}},"2":{"start":{"line":5,"column":2},"end":{"line":5,"column":15}},"3":{"start":{"line":7,"column":2},"end":{"line":7,"column":22}},"4":{"start":{"line":12,"column":1},"end":{"line":16,"column":3}},"5":{"start":{"line":13,"column":2},"end":{"line":15,"column":10}},"6":{"start":{"line":14,"column":3},"end":{"line":14,"column":45}},"7":{"start":{"line":19,"column":0},"end":{"line":19,"column":47}}},"fnMap":{"0":{"name":"myAsyncFunc","decl":{"start":{"line":2,"column":15},"end":{"line":2,"column":26}},"loc":{"start":{"line":2,"column":37},"end":{"line":9,"column":1}},"line":2},"1":{"name":"myPromiseFunc","decl":{"start":{"line":11,"column":9},"end":{"line":11,"column":22}},"loc":{"start":{"line":11,"column":25},"end":{"line":17,"column":1}},"line":11},"2":{"name":"(anonymous_2)","decl":{"start":{"line":12,"column":20},"end":{"line":12,"column":21}},"loc":{"start":{"line":12,"column":29},"end":{"line":16,"column":2}},"line":12},"3":{"name":"(anonymous_3)","decl":{"start":{"line":13,"column":13},"end":{"line":13,"column":14}},"loc":{"start":{"line":13,"column":19},"end":{"line":15,"column":3}},"line":13}},"branchMap":{},"s":{"0":2,"1":2,"2":2,"3":0,"4":4,"5":4,"6":4,"7":1},"f":{"0":2,"1":4,"2":4,"3":4},"b":{},"_coverageSchema":"1a1c01bbd47fc00a2c39e90264f33305004495a9","hash":"d5ce169d7e8bc1c04c2466441ed09ae1273b512c"}
,"/Users/rikidutra/Desktop/nodeJs/sprint16/app/getEmployee.js": {"path":"/Users/rikidutra/Desktop/nodeJs/sprint16/app/getEmployee.js","statementMap":{"0":{"start":{"line":1,"column":18},"end":{"line":12,"column":1}},"1":{"start":{"line":3,"column":1},"end":{"line":3,"column":111}},"2":{"start":{"line":3,"column":52},"end":{"line":3,"column":109}},"3":{"start":{"line":4,"column":1},"end":{"line":4,"column":107}},"4":{"start":{"line":4,"column":43},"end":{"line":4,"column":105}},"5":{"start":{"line":5,"column":1},"end":{"line":11,"column":3}},"6":{"start":{"line":6,"column":19},"end":{"line":6,"column":66}},"7":{"start":{"line":6,"column":42},"end":{"line":6,"column":63}},"8":{"start":{"line":7,"column":2},"end":{"line":10,"column":3}},"9":{"start":{"line":7,"column":18},"end":{"line":7,"column":36}},"10":{"start":{"line":9,"column":3},"end":{"line":9,"column":42}},"11":{"start":{"line":14,"column":0},"end":{"line":14,"column":29}}},"fnMap":{"0":{"name":"(anonymous_0)","decl":{"start":{"line":1,"column":18},"end":{"line":1,"column":19}},"loc":{"start":{"line":1,"column":33},"end":{"line":12,"column":1}},"line":1},"1":{"name":"(anonymous_1)","decl":{"start":{"line":5,"column":20},"end":{"line":5,"column":21}},"loc":{"start":{"line":5,"column":41},"end":{"line":11,"column":2}},"line":5},"2":{"name":"(anonymous_2)","decl":{"start":{"line":6,"column":30},"end":{"line":6,"column":31}},"loc":{"start":{"line":6,"column":40},"end":{"line":6,"column":65}},"line":6}},"branchMap":{"0":{"loc":{"start":{"line":3,"column":1},"end":{"line":3,"column":111}},"type":"if","locations":[{"start":{"line":3,"column":1},"end":{"line":3,"column":111}},{"start":{},"end":{}}],"line":3},"1":{"loc":{"start":{"line":3,"column":5},"end":{"line":3,"column":48}},"type":"binary-expr","locations":[{"start":{"line":3,"column":5},"end":{"line":3,"column":26}},{"start":{"line":3,"column":30},"end":{"line":3,"column":48}}],"line":3},"2":{"loc":{"start":{"line":4,"column":1},"end":{"line":4,"column":107}},"type":"if","locations":[{"start":{"line":4,"column":1},"end":{"line":4,"column":107}},{"start":{},"end":{}}],"line":4},"3":{"loc":{"start":{"line":4,"column":5},"end":{"line":4,"column":39}},"type":"binary-expr","locations":[{"start":{"line":4,"column":5},"end":{"line":4,"column":27}},{"start":{"line":4,"column":31},"end":{"line":4,"column":39}}],"line":4},"4":{"loc":{"start":{"line":7,"column":2},"end":{"line":10,"column":3}},"type":"if","locations":[{"start":{"line":7,"column":2},"end":{"line":10,"column":3}},{"start":{"line":8,"column":7},"end":{"line":10,"column":3}}],"line":7}},"s":{"0":1,"1":3,"2":2,"3":1,"4":1,"5":0,"6":0,"7":0,"8":0,"9":0,"10":0,"11":1},"f":{"0":3,"1":0,"2":0},"b":{"0":[2,1],"1":[3,2],"2":[1,0],"3":[1,1],"4":[0,0]},"_coverageSchema":"1a1c01bbd47fc00a2c39e90264f33305004495a9","hash":"3c34a3e8a29653e6098e05787f178e61bc8c4d73"}
,"/Users/rikidutra/Desktop/nodeJs/sprint16/app/getSalary.js": {"path":"/Users/rikidutra/Desktop/nodeJs/sprint16/app/getSalary.js","statementMap":{"0":{"start":{"line":1,"column":18},"end":{"line":16,"column":1}},"1":{"start":{"line":2,"column":1},"end":{"line":2,"column":76}},"2":{"start":{"line":2,"column":30},"end":{"line":2,"column":74}},"3":{"start":{"line":3,"column":1},"end":{"line":15,"column":3}},"4":{"start":{"line":4,"column":25},"end":{"line":9,"column":4}},"5":{"start":{"line":5,"column":3},"end":{"line":8,"column":4}},"6":{"start":{"line":6,"column":14},"end":{"line":6,"column":58}},"7":{"start":{"line":7,"column":4},"end":{"line":7,"column":14}},"8":{"start":{"line":10,"column":2},"end":{"line":14,"column":3}},"9":{"start":{"line":11,"column":3},"end":{"line":11,"column":26}},"10":{"start":{"line":13,"column":3},"end":{"line":13,"column":31}},"11":{"start":{"line":18,"column":0},"end":{"line":18,"column":27}}},"fnMap":{"0":{"name":"(anonymous_0)","decl":{"start":{"line":1,"column":18},"end":{"line":1,"column":19}},"loc":{"start":{"line":1,"column":39},"end":{"line":16,"column":1}},"line":1},"1":{"name":"(anonymous_1)","decl":{"start":{"line":3,"column":20},"end":{"line":3,"column":21}},"loc":{"start":{"line":3,"column":41},"end":{"line":15,"column":2}},"line":3},"2":{"name":"(anonymous_2)","decl":{"start":{"line":4,"column":36},"end":{"line":4,"column":37}},"loc":{"start":{"line":4,"column":46},"end":{"line":9,"column":3}},"line":4}},"branchMap":{"0":{"loc":{"start":{"line":2,"column":1},"end":{"line":2,"column":76}},"type":"if","locations":[{"start":{"line":2,"column":1},"end":{"line":2,"column":76}},{"start":{},"end":{}}],"line":2},"1":{"loc":{"start":{"line":5,"column":3},"end":{"line":8,"column":4}},"type":"if","locations":[{"start":{"line":5,"column":3},"end":{"line":8,"column":4}},{"start":{},"end":{}}],"line":5},"2":{"loc":{"start":{"line":10,"column":2},"end":{"line":14,"column":3}},"type":"if","locations":[{"start":{"line":10,"column":2},"end":{"line":14,"column":3}},{"start":{"line":12,"column":9},"end":{"line":14,"column":3}}],"line":10}},"s":{"0":1,"1":3,"2":1,"3":2,"4":2,"5":1,"6":1,"7":1,"8":2,"9":1,"10":1,"11":1},"f":{"0":3,"1":2,"2":1},"b":{"0":[1,2],"1":[1,0],"2":[1,1]},"_coverageSchema":"1a1c01bbd47fc00a2c39e90264f33305004495a9","hash":"65d2c451c5dba7e74ff363fde0f91eb5a7e82c65"}
,"/Users/rikidutra/Desktop/nodeJs/sprint16/app/promise.js": {"path":"/Users/rikidutra/Desktop/nodeJs/sprint16/app/promise.js","statementMap":{"0":{"start":{"line":2,"column":1},"end":{"line":8,"column":3}},"1":{"start":{"line":3,"column":2},"end":{"line":7,"column":3}},"2":{"start":{"line":4,"column":3},"end":{"line":4,"column":20}},"3":{"start":{"line":6,"column":3},"end":{"line":6,"column":35}},"4":{"start":{"line":11,"column":14},"end":{"line":14,"column":1}},"5":{"start":{"line":12,"column":1},"end":{"line":13,"column":24}},"6":{"start":{"line":13,"column":2},"end":{"line":13,"column":24}},"7":{"start":{"line":16,"column":0},"end":{"line":16,"column":43}}},"fnMap":{"0":{"name":"returnPromise","decl":{"start":{"line":1,"column":9},"end":{"line":1,"column":22}},"loc":{"start":{"line":1,"column":31},"end":{"line":9,"column":1}},"line":1},"1":{"name":"(anonymous_1)","decl":{"start":{"line":2,"column":20},"end":{"line":2,"column":21}},"loc":{"start":{"line":2,"column":34},"end":{"line":8,"column":2}},"line":2},"2":{"name":"(anonymous_2)","decl":{"start":{"line":11,"column":14},"end":{"line":11,"column":15}},"loc":{"start":{"line":11,"column":34},"end":{"line":14,"column":1}},"line":11}},"branchMap":{"0":{"loc":{"start":{"line":3,"column":2},"end":{"line":7,"column":3}},"type":"if","locations":[{"start":{"line":3,"column":2},"end":{"line":7,"column":3}},{"start":{"line":5,"column":9},"end":{"line":7,"column":3}}],"line":3},"1":{"loc":{"start":{"line":12,"column":1},"end":{"line":13,"column":24}},"type":"if","locations":[{"start":{"line":12,"column":1},"end":{"line":13,"column":24}},{"start":{},"end":{}}],"line":12},"2":{"loc":{"start":{"line":12,"column":5},"end":{"line":12,"column":21}},"type":"binary-expr","locations":[{"start":{"line":12,"column":5},"end":{"line":12,"column":13}},{"start":{"line":12,"column":17},"end":{"line":12,"column":21}}],"line":12}},"s":{"0":2,"1":2,"2":1,"3":1,"4":1,"5":2,"6":1,"7":1},"f":{"0":2,"1":2,"2":2},"b":{"0":[1,1],"1":[1,1],"2":[2,1]},"_coverageSchema":"1a1c01bbd47fc00a2c39e90264f33305004495a9","hash":"e1806cf9e73d20f17d970ad28a99d69f148ce941"}
,"/Users/rikidutra/Desktop/nodeJs/sprint16/app/simple.js": {"path":"/Users/rikidutra/Desktop/nodeJs/sprint16/app/simple.js","statementMap":{"0":{"start":{"line":2,"column":1},"end":{"line":2,"column":24}},"1":{"start":{"line":6,"column":1},"end":{"line":6,"column":24}},"2":{"start":{"line":10,"column":1},"end":{"line":10,"column":24}},"3":{"start":{"line":14,"column":1},"end":{"line":14,"column":24}},"4":{"start":{"line":17,"column":0},"end":{"line":17,"column":52}}},"fnMap":{"0":{"name":"add","decl":{"start":{"line":1,"column":9},"end":{"line":1,"column":12}},"loc":{"start":{"line":1,"column":30},"end":{"line":3,"column":1}},"line":1},"1":{"name":"subtract","decl":{"start":{"line":5,"column":9},"end":{"line":5,"column":17}},"loc":{"start":{"line":5,"column":35},"end":{"line":7,"column":1}},"line":5},"2":{"name":"multiply","decl":{"start":{"line":9,"column":9},"end":{"line":9,"column":17}},"loc":{"start":{"line":9,"column":35},"end":{"line":11,"column":1}},"line":9},"3":{"name":"devide","decl":{"start":{"line":13,"column":9},"end":{"line":13,"column":15}},"loc":{"start":{"line":13,"column":33},"end":{"line":15,"column":1}},"line":13}},"branchMap":{},"s":{"0":1,"1":1,"2":1,"3":1,"4":1},"f":{"0":1,"1":1,"2":1,"3":1},"b":{},"_coverageSchema":"1a1c01bbd47fc00a2c39e90264f33305004495a9","hash":"7f59da929e3182b2753e14d827cf683af7ddbfc0"}
}
