TN:
SF:app/abstractClass.js
FN:1,Employee
FN:7,(anonymous_1)
FN:11,Manager
FNF:3
FNH:3
FNDA:1,Employee
FNDA:1,(anonymous_1)
FNDA:2,Manager
DA:2,1
DA:3,1
DA:7,1
DA:8,1
DA:12,2
DA:15,1
DA:17,1
LF:7
LH:7
BRDA:2,0,0,1
BRDA:2,0,1,0
BRF:2
BRH:1
end_of_record
TN:
SF:app/asyncFunc.js
FN:2,myAsyncFunc
FN:11,myPromiseFunc
FN:12,(anonymous_2)
FN:13,(anonymous_3)
FNF:4
FNH:4
FNDA:3,myAsyncFunc
FNDA:4,myPromiseFunc
FNDA:4,(anonymous_2)
FNDA:4,(anonymous_3)
DA:3,3
DA:4,3
DA:5,3
DA:7,0
DA:12,4
DA:13,4
DA:14,4
DA:19,1
LF:8
LH:7
BRF:0
BRH:0
end_of_record
TN:
SF:app/class.js
FN:2,(anonymous_0)
FN:5,(anonymous_1)
FNF:2
FNH:0
FNDA:0,(anonymous_0)
FNDA:0,(anonymous_1)
DA:3,0
DA:6,0
DA:10,1
LF:3
LH:1
BRF:0
BRH:0
end_of_record
TN:
SF:app/getEmployee.js
FN:1,(anonymous_0)
FN:8,(anonymous_1)
FN:9,(anonymous_2)
FNF:3
FNH:3
FNDA:4,(anonymous_0)
FNDA:1,(anonymous_1)
FNDA:1,(anonymous_2)
DA:1,1
DA:2,4
DA:3,3
DA:4,1
DA:5,1
DA:7,3
DA:8,1
DA:9,1
DA:10,1
DA:12,0
DA:17,1
LF:11
LH:10
BRDA:2,0,0,1
BRDA:2,0,1,3
BRDA:2,1,0,4
BRDA:2,1,1,4
BRDA:3,2,0,1
BRDA:3,2,1,2
BRDA:3,3,0,3
BRDA:3,3,1,2
BRDA:7,4,0,2
BRDA:7,4,1,1
BRDA:7,5,0,3
BRDA:7,5,1,2
BRDA:10,6,0,1
BRDA:10,6,1,0
BRF:14
BRH:13
end_of_record
TN:
SF:app/paramsManipulation.js
FN:1,returnDouble
FN:3,(anonymous_1)
FN:4,(anonymous_2)
FN:8,returnSum
FNF:4
FNH:4
FNDA:8,returnDouble
FNDA:8,(anonymous_1)
FNDA:8,(anonymous_2)
FNDA:2,returnSum
DA:2,8
DA:3,8
DA:4,8
DA:9,2
DA:13,2
DA:14,2
DA:17,1
LF:7
LH:7
BRDA:2,0,0,0
BRDA:2,0,1,8
BRDA:9,1,0,0
BRDA:9,1,1,2
BRDA:9,2,0,2
BRDA:9,2,1,2
BRDA:9,2,2,2
BRF:7
BRH:5
end_of_record
TN:
SF:app/promise.js
FN:1,returnPromise
FN:2,(anonymous_1)
FN:11,(anonymous_2)
FNF:3
FNH:3
FNDA:2,returnPromise
FNDA:2,(anonymous_1)
FNDA:2,(anonymous_2)
DA:2,2
DA:3,2
DA:4,1
DA:6,1
DA:11,1
DA:12,2
DA:13,1
DA:16,1
LF:8
LH:8
BRDA:3,0,0,1
BRDA:3,0,1,1
BRDA:12,1,0,1
BRDA:12,1,1,1
BRDA:12,2,0,2
BRDA:12,2,1,1
BRF:6
BRH:6
end_of_record
TN:
SF:app/simple.js
FN:1,add
FN:5,subtract
FN:9,multiply
FN:13,devide
FNF:4
FNH:4
FNDA:1,add
FNDA:1,subtract
FNDA:1,multiply
FNDA:1,devide
DA:2,1
DA:6,1
DA:10,1
DA:14,1
DA:17,1
LF:5
LH:5
BRF:0
BRH:0
end_of_record
